<?xml version="1.0" encoding="UTF-8"?>
<testsuite xmlns:xsi="http://www.w3.org/2001/XMLSchema-instance" xsi:noNamespaceSchemaLocation="https://maven.apache.org/surefire/maven-surefire-plugin/xsd/surefire-test-report.xsd" name="CreateOrderTest" time="1.343" tests="4" errors="0" skipped="0" failures="0">
  <properties>
[...]
</properties>
  <testcase name="createOrder[Тестовые данные: Color=[BLACK]]" classname="CreateOrderTest" time="0.365"/>
  <testcase name="createOrder[Тестовые данные: Color=[GREY]]" classname="CreateOrderTest" time="0.348"/>
  <testcase name="createOrder[Тестовые данные: Color=[BLACK, GREY]]" classname="CreateOrderTest" time="0.299"/>
  <testcase name="createOrder[Тестовые данные: Color=[]]" classname="CreateOrderTest" time="0.325"/>
</testsuite>